<?xml version="1.0" encoding="UTF-8"?>
<!-- Generated by org.testng.reporters.JUnitReportReporter -->
<testsuite hostname="LAPTOP-K54V0TU6" failures="0" tests="1" name="apiLearning.PutMethodclass" time="1.871" errors="0" timestamp="2023-12-19T21:52:56 IST" skipped="0">
  <testcase classname="apiLearning.PutMethodclass" name="putmethod" time="1.871"/>
</testsuite> <!-- apiLearning.PutMethodclass -->
