<?xml version="1.0" encoding="UTF-8"?>
<!-- Generated by org.testng.reporters.JUnitReportReporter -->
<testsuite hostname="LAPTOP-K54V0TU6" failures="0" tests="1" name="fetchComplexdata.ReadymadeJason_DataPrase" time="0.965" errors="0" timestamp="2023-12-20T21:06:10 IST" skipped="0">
  <testcase classname="fetchComplexdata.ReadymadeJason_DataPrase" name="readymadeJason_Data" time="0.965"/>
</testsuite> <!-- fetchComplexdata.ReadymadeJason_DataPrase -->
