<?xml version="1.0" encoding="UTF-8"?>
<!-- Generated by org.testng.reporters.JUnitReportReporter -->
<testsuite hostname="LAPTOP-K54V0TU6" failures="0" tests="1" name="apiLearning.PatchMethodClass" time="1.529" errors="0" timestamp="2023-12-18T20:38:50 IST" skipped="0">
  <testcase classname="apiLearning.PatchMethodClass" name="getmethod" time="1.529"/>
</testsuite> <!-- apiLearning.PatchMethodClass -->
