<?xml version="1.0" encoding="UTF-8"?>
<!-- Generated by org.testng.reporters.JUnitReportReporter -->
<testsuite hostname="LAPTOP-K54V0TU6" failures="0" tests="1" name="fetchComplexdata.Get_ComplexData_specificValue" time="1.742" errors="0" timestamp="2023-12-19T21:35:01 IST" skipped="0">
  <testcase classname="fetchComplexdata.Get_ComplexData_specificValue" name="get_complexdata_specificValue" time="1.742"/>
</testsuite> <!-- fetchComplexdata.Get_ComplexData_specificValue -->
