<?xml version="1.0" encoding="UTF-8"?>
<!-- Generated by org.testng.reporters.JUnitReportReporter -->
<testsuite hostname="LAPTOP-K54V0TU6" failures="0" tests="1" name="fetchComplexdata.Get_Complex_jasdndataValue" time="1.561" errors="0" timestamp="2023-12-19T07:42:38 IST" skipped="0">
  <testcase classname="fetchComplexdata.Get_Complex_jasdndataValue" name="get_firstName_fromJasonData" time="1.561"/>
</testsuite> <!-- fetchComplexdata.Get_Complex_jasdndataValue -->
