<?xml version="1.0" encoding="UTF-8"?>
<!-- Generated by org.testng.reporters.JUnitReportReporter -->
<testsuite hostname="LAPTOP-K54V0TU6" failures="0" tests="1" name="apiLearning.HeadMethodDetails" time="0.411" errors="0" timestamp="2024-03-22T17:38:30 IST" skipped="0">
  <testcase classname="apiLearning.HeadMethodDetails" name="getHeaderDetails" time="0.411"/>
</testsuite> <!-- apiLearning.HeadMethodDetails -->
