<?xml version="1.0" encoding="UTF-8"?>
<!-- Generated by org.testng.reporters.JUnitReportReporter -->
<testsuite hostname="LAPTOP-K54V0TU6" failures="0" tests="1" name="apiLearning.APIGetmethod" time="0.981" errors="0" timestamp="2024-03-22T17:38:30 IST" skipped="0">
  <testcase classname="apiLearning.APIGetmethod" name="getmethod" time="0.981"/>
</testsuite> <!-- apiLearning.APIGetmethod -->
